<?xml version="1.0" encoding="UTF-8"?>
<!-- Generated by org.testng.reporters.JUnitXMLReporter -->
<testsuite ignored="0" hostname="DESKTOP-6LNL8LB" failures="0" tests="4" name="Test1" time="0.187" errors="0" timestamp="2024-11-27T12:02:50 IST">
  <testcase classname="testscript.NewTest2" name="f" time="0.021"/>
  <testcase classname="testscript.NewTest" name="bdisplay" time="0.011"/>
  <testcase classname="testscript.NewTest" name="cdisplay" time="0.006"/>
  <testcase classname="testscript.NewTest" name="adisplay" time="0.014"/>
</testsuite> <!-- Test1 -->
